Content-Type: text/plain; charset="utf-8"
MIME-Version: 1.0
Content-Transfer-Encoding: 8bit
Subject: 
 =?utf-8?b?0JDQutGC0LjQstCw0YbQuNGPINC/0L7Qu9GM0LfQvtCy0LDRgtC10LvRjyBmZWRv?=
 =?utf-8?b?cjExMQ==?=
From: django@geekshop.local
To: fedor111@gb.local
Date: Wed, 21 Oct 2020 20:39:51 -0000
Message-ID: <160331279156.22480.15336655702611044135@DESKTOP-6IFEJD7>

Для подтверждения перейдите по ссылке 
 http://localhost:8000/auth/verify/fedor111@gb.local/852c7540940b1db2e84d6f5311fb89581c2d5636/
-------------------------------------------------------------------------------
Content-Type: text/plain; charset="utf-8"
MIME-Version: 1.0
Content-Transfer-Encoding: 8bit
Subject: 
 =?utf-8?b?0JDQutGC0LjQstCw0YbQuNGPINC/0L7Qu9GM0LfQvtCy0LDRgtC10LvRjyBmZWRv?=
 =?utf-8?b?cjExMQ==?=
From: django@geekshop.local
To: fedor111@gb.local
Date: Wed, 21 Oct 2020 20:39:51 -0000
Message-ID: <160331279157.22480.166422101414072921@DESKTOP-6IFEJD7>

Для подтверждения перейдите по ссылке 
 http://localhost:8000/auth/verify/fedor111@gb.local/852c7540940b1db2e84d6f5311fb89581c2d5636/
-------------------------------------------------------------------------------
